////////////////////////////////////////////////////////////////
    Date: 03/11/2011 21:48:47
Assembly: TomShane.Neoforce.Controls.dll
 Version: 0.7.2407.1915
 Message: Control cannot be created. No skin loaded.
////////////////////////////////////////////////////////////////
   at TomShane.Neoforce.Controls.Control..ctor(Manager manager)
   at TomShane.Neoforce.Controls.ButtonBase..ctor(Manager manager)
   at TomShane.Neoforce.Controls.Button..ctor(Manager manager)
   at Factory.Game1.LoadContent() in G:\Unidade E\Project1\Factory\Factory\Factory\Game1.cs:line 58
   at Microsoft.Xna.Framework.Game.Initialize()
   at Factory.Game1.Initialize() in G:\Unidade E\Project1\Factory\Factory\Factory\Game1.cs:line 46
   at Microsoft.Xna.Framework.Game.RunGame(Boolean useBlockingRun)
   at Microsoft.Xna.Framework.Game.Run()
   at Factory.Program.Main(String[] args) in G:\Unidade E\Project1\Factory\Factory\Factory\Program.cs:line 16
////////////////////////////////////////////////////////////////

////////////////////////////////////////////////////////////////
    Date: 03/11/2011 21:51:55
Assembly: TomShane.Neoforce.Controls.dll
 Version: 0.7.2407.1915
 Message: Could not find a part of the path 'G:\Unidade E\Project1\Factory\Factory\Factory\bin\x86\Debug\Content\Skins\pele.skin'.
////////////////////////////////////////////////////////////////
   at System.IO.__Error.WinIOError(Int32 errorCode, String maybeFullPath)
   at System.IO.FileStream.Init(String path, FileMode mode, FileAccess access, Int32 rights, Boolean useRights, FileShare share, Int32 bufferSize, FileOptions options, SECURITY_ATTRIBUTES secAttrs, String msgPath, Boolean bFromProxy, Boolean useLongPath)
   at System.IO.FileStream..ctor(String path, FileMode mode, FileAccess access, FileShare share)
   at System.IO.File.OpenRead(String path)
   at TomShane.Neoforce.External.Zip.ZipFile.get_ReadStream()
   at TomShane.Neoforce.External.Zip.ZipFile.Read(String zipfilename, Boolean TurnOnDebug)
   at TomShane.Neoforce.External.Zip.ZipFile.Read(String zipfilename)
   at TomShane.Neoforce.Controls.ArchiveManager..ctor(IServiceProvider serviceProvider, String archive)
   at TomShane.Neoforce.Controls.Skin..ctor(Manager manager, String name)
   at Factory.Game1.LoadContent() in G:\Unidade E\Project1\Factory\Factory\Factory\Game1.cs:line 57
   at Microsoft.Xna.Framework.Game.Initialize()
   at Factory.Game1.Initialize() in G:\Unidade E\Project1\Factory\Factory\Factory\Game1.cs:line 46
   at Microsoft.Xna.Framework.Game.RunGame(Boolean useBlockingRun)
   at Microsoft.Xna.Framework.Game.Run()
   at Factory.Program.Main(String[] args) in G:\Unidade E\Project1\Factory\Factory\Factory\Program.cs:line 16
////////////////////////////////////////////////////////////////

////////////////////////////////////////////////////////////////
    Date: 03/11/2011 22:00:47
Assembly: TomShane.Neoforce.Controls.dll
 Version: 0.7.2407.1915
 Message: Could not find a part of the path 'G:\Unidade E\Project1\Factory\Factory\Factory\bin\x86\Debug\Content\Skins\pele.skin'.
////////////////////////////////////////////////////////////////
   at System.IO.__Error.WinIOError(Int32 errorCode, String maybeFullPath)
   at System.IO.FileStream.Init(String path, FileMode mode, FileAccess access, Int32 rights, Boolean useRights, FileShare share, Int32 bufferSize, FileOptions options, SECURITY_ATTRIBUTES secAttrs, String msgPath, Boolean bFromProxy, Boolean useLongPath)
   at System.IO.FileStream..ctor(String path, FileMode mode, FileAccess access, FileShare share)
   at System.IO.File.OpenRead(String path)
   at TomShane.Neoforce.External.Zip.ZipFile.get_ReadStream()
   at TomShane.Neoforce.External.Zip.ZipFile.Read(String zipfilename, Boolean TurnOnDebug)
   at TomShane.Neoforce.External.Zip.ZipFile.Read(String zipfilename)
   at TomShane.Neoforce.Controls.ArchiveManager..ctor(IServiceProvider serviceProvider, String archive)
   at TomShane.Neoforce.Controls.Skin..ctor(Manager manager, String name)
   at Factory.Game1.LoadContent() in G:\Unidade E\Project1\Factory\Factory\Factory\Game1.cs:line 58
   at Microsoft.Xna.Framework.Game.Initialize()
   at Factory.Game1.Initialize() in G:\Unidade E\Project1\Factory\Factory\Factory\Game1.cs:line 46
   at Microsoft.Xna.Framework.Game.RunGame(Boolean useBlockingRun)
   at Microsoft.Xna.Framework.Game.Run()
   at Factory.Program.Main(String[] args) in G:\Unidade E\Project1\Factory\Factory\Factory\Program.cs:line 16
////////////////////////////////////////////////////////////////

////////////////////////////////////////////////////////////////
    Date: 03/11/2011 22:11:14
Assembly: TomShane.Neoforce.Controls.dll
 Version: 0.7.2407.1915
 Message: Object reference not set to an instance of an object.
////////////////////////////////////////////////////////////////
   at Factory.Game1.LoadContent() in G:\Unidade E\Project1\Factory\Factory\Factory\Game1.cs:line 59
   at Microsoft.Xna.Framework.Game.Initialize()
   at Factory.Game1.Initialize() in G:\Unidade E\Project1\Factory\Factory\Factory\Game1.cs:line 47
   at Microsoft.Xna.Framework.Game.RunGame(Boolean useBlockingRun)
   at Microsoft.Xna.Framework.Game.Run()
   at Factory.Program.Main(String[] args) in G:\Unidade E\Project1\Factory\Factory\Factory\Program.cs:line 16
////////////////////////////////////////////////////////////////

////////////////////////////////////////////////////////////////
    Date: 03/11/2011 22:11:46
Assembly: TomShane.Neoforce.Controls.dll
 Version: 0.7.2407.1915
 Message: Control cannot be created. No skin loaded.
////////////////////////////////////////////////////////////////
   at TomShane.Neoforce.Controls.Control..ctor(Manager manager)
   at TomShane.Neoforce.Controls.ButtonBase..ctor(Manager manager)
   at TomShane.Neoforce.Samples.CustomButton..ctor(Manager manager) in G:\Unidade E\Project1\Factory\Factory\Factory\gui\CustomButton.cs:line 53
   at Factory.Game1.LoadContent() in G:\Unidade E\Project1\Factory\Factory\Factory\Game1.cs:line 59
   at Microsoft.Xna.Framework.Game.Initialize()
   at Factory.Game1.Initialize() in G:\Unidade E\Project1\Factory\Factory\Factory\Game1.cs:line 47
   at Microsoft.Xna.Framework.Game.RunGame(Boolean useBlockingRun)
   at Microsoft.Xna.Framework.Game.Run()
   at Factory.Program.Main(String[] args) in G:\Unidade E\Project1\Factory\Factory\Factory\Program.cs:line 16
////////////////////////////////////////////////////////////////

////////////////////////////////////////////////////////////////
    Date: 04/11/2011 19:23:40
Assembly: TomShane.Neoforce.Controls.dll
 Version: 0.7.2407.1915
 Message: Object reference not set to an instance of an object.
////////////////////////////////////////////////////////////////
   at Factory.Game1.LoadContent() in G:\Unidade E\Project1\Factory\Factory\Factory\Game1.cs:line 79
   at Microsoft.Xna.Framework.Game.Initialize()
   at Factory.Game1.Initialize() in G:\Unidade E\Project1\Factory\Factory\Factory\Game1.cs:line 59
   at Microsoft.Xna.Framework.Game.RunGame(Boolean useBlockingRun)
   at Microsoft.Xna.Framework.Game.Run()
   at Factory.Program.Main(String[] args) in G:\Unidade E\Project1\Factory\Factory\Factory\Program.cs:line 16
////////////////////////////////////////////////////////////////

